Number of platforms: 1

platform: 0
- CL_PLATFORM_NAME   : AMD Accelerated Parallel Processing
- CL_PLATFORM_VENDOR : Advanced Micro Devices, Inc.

Number of devices: 5

device: 0
- CL_DEVICE_TYPE                : CL_DEVICE_TYPE_GPU
- CL_DEVICE_NAME                : Tahiti
- CL_DEVICE_MAX_WORK_GROUP_SIZE : 256
- CL_DEVICE_GLOBAL_MEM_SIZE     : 2147483648
- CL_DEVICE_LOCAL_MEM_SIZE      : 32768
- CL_DEVICE_MAX_MEM_ALLOC_SIZE  : 536870912

device: 1
- CL_DEVICE_TYPE                : CL_DEVICE_TYPE_GPU
- CL_DEVICE_NAME                : Tahiti
- CL_DEVICE_MAX_WORK_GROUP_SIZE : 256
- CL_DEVICE_GLOBAL_MEM_SIZE     : 2147483648
- CL_DEVICE_LOCAL_MEM_SIZE      : 32768
- CL_DEVICE_MAX_MEM_ALLOC_SIZE  : 536870912

device: 2
- CL_DEVICE_TYPE                : CL_DEVICE_TYPE_GPU
- CL_DEVICE_NAME                : Tahiti
- CL_DEVICE_MAX_WORK_GROUP_SIZE : 256
- CL_DEVICE_GLOBAL_MEM_SIZE     : 2147483648
- CL_DEVICE_LOCAL_MEM_SIZE      : 32768
- CL_DEVICE_MAX_MEM_ALLOC_SIZE  : 536870912

device: 3
- CL_DEVICE_TYPE                : CL_DEVICE_TYPE_GPU
- CL_DEVICE_NAME                : Tahiti
- CL_DEVICE_MAX_WORK_GROUP_SIZE : 256
- CL_DEVICE_GLOBAL_MEM_SIZE     : 2147483648
- CL_DEVICE_LOCAL_MEM_SIZE      : 32768
- CL_DEVICE_MAX_MEM_ALLOC_SIZE  : 536870912

device: 4
- CL_DEVICE_TYPE                : CL_DEVICE_TYPE_CPU
- CL_DEVICE_NAME                : Intel(R) Xeon(R) CPU E5-2650 0 @ 2.00GHz
- CL_DEVICE_MAX_WORK_GROUP_SIZE : 1024
- CL_DEVICE_GLOBAL_MEM_SIZE     : 135296364544
- CL_DEVICE_LOCAL_MEM_SIZE      : 32768
- CL_DEVICE_MAX_MEM_ALLOC_SIZE  : 33824091136

